<?xml version="1.0" encoding="UTF-8"?>
<!-- Generated by org.testng.reporters.JUnitReportReporter -->
<testsuite skipped="0" hostname="SreeniSeddysMBP.attlocal.net" name="com.jcom.qa.testcases.LoginPageTest" tests="2" failures="0" timestamp="23 Dec 2018 19:31:18 GMT" time="7.095" errors="0">
  <testcase name="crmLogoImageTest" time="2.361" classname="com.jcom.qa.testcases.LoginPageTest"/>
  <testcase name="loginTest" time="4.734" classname="com.jcom.qa.testcases.LoginPageTest"/>
</testsuite> <!-- com.jcom.qa.testcases.LoginPageTest -->
