<?xml version="1.0" encoding="UTF-8"?>
<!-- Generated by org.testng.reporters.JUnitReportReporter -->
<testsuite skipped="0" hostname="SreeniSeddysMBP.attlocal.net" name="com.jcom.qa.testcases.ContactsPageTest" tests="4" failures="0" timestamp="23 Dec 2018 19:31:18 GMT" time="88.752" errors="0">
  <testcase name="verifyContactsPageLabel" time="21.892" classname="com.jcom.qa.testcases.ContactsPageTest"/>
  <testcase name="selectSingleContactsTest" time="20.573" classname="com.jcom.qa.testcases.ContactsPageTest"/>
  <testcase name="selectMultipleContactsTest" time="21.798" classname="com.jcom.qa.testcases.ContactsPageTest"/>
  <testcase name="validateCreateNewContact" time="24.489" classname="com.jcom.qa.testcases.ContactsPageTest"/>
</testsuite> <!-- com.jcom.qa.testcases.ContactsPageTest -->
