<?xml version="1.0" encoding="UTF-8"?>
<!-- Generated by org.testng.reporters.JUnitReportReporter -->
<testsuite skipped="0" hostname="SreeniSeddysMBP.attlocal.net" name="com.jcom.qa.testcases.ContactsPageTest" tests="1" failures="0" timestamp="23 Dec 2018 19:56:31 GMT" time="25.597" errors="0">
  <testcase name="verifyContactsPageLabel" time="25.597" classname="com.jcom.qa.testcases.ContactsPageTest"/>
</testsuite> <!-- com.jcom.qa.testcases.ContactsPageTest -->
