<?xml version="1.0" encoding="UTF-8"?>
<!-- Generated by org.testng.reporters.JUnitReportReporter -->
<testsuite skipped="0" hostname="SreeniSeddysMBP.attlocal.net" name="com.jcom.qa.testcases.HomePageTest" tests="1" failures="0" timestamp="23 Dec 2018 19:56:31 GMT" time="4.995" errors="0">
  <testcase name="verifyHomePageTitleTest" time="4.995" classname="com.jcom.qa.testcases.HomePageTest"/>
</testsuite> <!-- com.jcom.qa.testcases.HomePageTest -->
